<?xml version="1.0" encoding="UTF-8"?>
<testng-results skipped="0" failed="0" ignored="0" total="1" passed="1">
  <reporter-output>
  </reporter-output>
  <suite name="Suite" duration-ms="23678" started-at="2022-09-06T17:18:46Z" finished-at="2022-09-06T17:19:10Z">
    <groups>
    </groups>
    <test name="Test" duration-ms="23678" started-at="2022-09-06T17:18:46Z" finished-at="2022-09-06T17:19:10Z">
      <class name="demo.project.HrmLogin">
        <test-method status="PASS" signature="openBrowser(java.lang.String)[pri:0, instance:demo.project.HrmLogin@6e1ec318]" name="openBrowser" is-config="true" duration-ms="13259" started-at="2022-09-06T17:18:33Z" finished-at="2022-09-06T17:18:46Z">
          <params>
            <param index="0">
              <value>
                <![CDATA[chrome]]>
              </value>
            </param>
          </params>
          <reporter-output>
          </reporter-output>
        </test-method> <!-- openBrowser -->
        <test-method status="PASS" signature="login()[pri:0, instance:demo.project.HrmLogin@6e1ec318]" name="login" duration-ms="23593" started-at="2022-09-06T17:18:46Z" finished-at="2022-09-06T17:19:10Z">
          <reporter-output>
          </reporter-output>
        </test-method> <!-- login -->
        <test-method status="PASS" signature="closeBrowser()[pri:0, instance:demo.project.HrmLogin@6e1ec318]" name="closeBrowser" is-config="true" duration-ms="2950" started-at="2022-09-06T17:19:10Z" finished-at="2022-09-06T17:19:13Z">
          <reporter-output>
          </reporter-output>
        </test-method> <!-- closeBrowser -->
      </class> <!-- demo.project.HrmLogin -->
    </test> <!-- Test -->
  </suite> <!-- Suite -->
</testng-results>
